00:01:27.314 [main] INFO  o.d.springJdbcBookshop.AppServices - Starting AppServices using Java 16.0.1 on sulyvan-N501VW with PID 27747 (/home/sulyvan/WorkEnv/bookshop/services_module/target/services_module-1.0-SNAPSHOT-jar-with-dependencies.jar started by sulyvan in /home/sulyvan/WorkEnv/bookshop/services_module/target)
00:01:27.319 [main] INFO  o.d.springJdbcBookshop.AppServices - No active profile set, falling back to default profiles: default
00:01:27.489 [main] ERROR o.s.boot.SpringApplication - Application run failed
java.lang.IllegalArgumentException: No auto configuration classes found in META-INF/spring.factories. If you are using a custom packaging, make sure that file is correct.
	at org.springframework.util.Assert.notEmpty(Assert.java:470)
	at org.springframework.boot.autoconfigure.AutoConfigurationImportSelector.getCandidateConfigurations(AutoConfigurationImportSelector.java:180)
	at org.springframework.boot.autoconfigure.AutoConfigurationImportSelector.getAutoConfigurationEntry(AutoConfigurationImportSelector.java:123)
	at org.springframework.boot.autoconfigure.AutoConfigurationImportSelector$AutoConfigurationGroup.process(AutoConfigurationImportSelector.java:434)
	at org.springframework.context.annotation.ConfigurationClassParser$DeferredImportSelectorGrouping.getImports(ConfigurationClassParser.java:879)
	at org.springframework.context.annotation.ConfigurationClassParser$DeferredImportSelectorGroupingHandler.processGroupImports(ConfigurationClassParser.java:809)
	at org.springframework.context.annotation.ConfigurationClassParser$DeferredImportSelectorHandler.process(ConfigurationClassParser.java:780)
	at org.springframework.context.annotation.ConfigurationClassParser.parse(ConfigurationClassParser.java:193)
	at org.springframework.context.annotation.ConfigurationClassPostProcessor.processConfigBeanDefinitions(ConfigurationClassPostProcessor.java:331)
	at org.springframework.context.annotation.ConfigurationClassPostProcessor.postProcessBeanDefinitionRegistry(ConfigurationClassPostProcessor.java:247)
	at org.springframework.context.support.PostProcessorRegistrationDelegate.invokeBeanDefinitionRegistryPostProcessors(PostProcessorRegistrationDelegate.java:311)
	at org.springframework.context.support.PostProcessorRegistrationDelegate.invokeBeanFactoryPostProcessors(PostProcessorRegistrationDelegate.java:112)
	at org.springframework.context.support.AbstractApplicationContext.invokeBeanFactoryPostProcessors(AbstractApplicationContext.java:746)
	at org.springframework.context.support.AbstractApplicationContext.refresh(AbstractApplicationContext.java:564)
	at org.springframework.boot.web.servlet.context.ServletWebServerApplicationContext.refresh(ServletWebServerApplicationContext.java:145)
	at org.springframework.boot.SpringApplication.refresh(SpringApplication.java:754)
	at org.springframework.boot.SpringApplication.refreshContext(SpringApplication.java:434)
	at org.springframework.boot.SpringApplication.run(SpringApplication.java:338)
	at org.springframework.boot.SpringApplication.run(SpringApplication.java:1343)
	at org.springframework.boot.SpringApplication.run(SpringApplication.java:1332)
	at org.demo.springJdbcBookshop.AppServices.main(AppServices.java:24)
00:03:12.365 [main] INFO  o.d.springJdbcBookshop.AppServices - Starting AppServices using Java 16.0.1 on sulyvan-N501VW with PID 27864 (/home/sulyvan/WorkEnv/bookshop/services_module/target/classes started by sulyvan in /home/sulyvan/WorkEnv/bookshop)
00:03:12.375 [main] INFO  o.d.springJdbcBookshop.AppServices - No active profile set, falling back to default profiles: default
00:03:13.460 [main] INFO  o.s.b.w.e.tomcat.TomcatWebServer - Tomcat initialized with port(s): 8080 (http)
00:03:13.471 [main] INFO  o.a.coyote.http11.Http11NioProtocol - Initializing ProtocolHandler ["http-nio-8080"]
00:03:13.472 [main] INFO  o.a.catalina.core.StandardService - Starting service [Tomcat]
00:03:13.472 [main] INFO  o.a.catalina.core.StandardEngine - Starting Servlet engine: [Apache Tomcat/9.0.48]
00:03:13.535 [main] INFO  o.a.c.c.C.[Tomcat].[localhost].[/] - Initializing Spring embedded WebApplicationContext
00:03:13.535 [main] INFO  o.s.b.w.s.c.ServletWebServerApplicationContext - Root WebApplicationContext: initialization completed in 1097 ms
00:03:13.992 [main] INFO  o.a.coyote.http11.Http11NioProtocol - Starting ProtocolHandler ["http-nio-8080"]
00:03:14.011 [main] INFO  o.s.b.w.e.tomcat.TomcatWebServer - Tomcat started on port(s): 8080 (http) with context path ''
00:03:14.021 [main] INFO  o.d.springJdbcBookshop.AppServices - Started AppServices in 2.159 seconds (JVM running for 2.672)
00:03:30.845 [http-nio-8080-exec-2] INFO  o.a.c.c.C.[Tomcat].[localhost].[/] - Initializing Spring DispatcherServlet 'dispatcherServlet'
00:03:30.845 [http-nio-8080-exec-2] INFO  o.s.web.servlet.DispatcherServlet - Initializing Servlet 'dispatcherServlet'
00:03:30.846 [http-nio-8080-exec-2] INFO  o.s.web.servlet.DispatcherServlet - Completed initialization in 1 ms
00:03:30.877 [http-nio-8080-exec-2] INFO  o.d.s.BookshopBookRelServices - BookshopBookRel service - GET : (Request) get bookshopbookrel with bookshopid = 11 and bookid = 14
00:03:31.309 [http-nio-8080-exec-2] INFO  o.d.s.BookshopBookRelServices - BookshopBookRel service - GET : (Response) get bookshopbookrel with bookshopid = 11 and bookid = 14
